
SQL*Loader: Release 11.2.0.1.0 - Production on Tue Mar 21 13:51:18 2017

Copyright (c) 1982, 2009, Oracle and/or its affiliates.  All rights reserved.

Control File:   hgu_tmp_subs.ctl
Data File:      C:\Projects\svn\ninja-sql\hgu\sqlldr\ninjateam.hgu_tmp_subs_add_title\nrk.2017-03-21.txt
  Bad File:     nrk.2017-03-21.bad
  Discard File:  none specified
 
 (Allow all discards)

Number to load: ALL
Number to skip: 0
Errors allowed: 50
Bind array:     64 rows, maximum of 256000 bytes
Continuation:    none specified
Path used:      Conventional

Table HGU_TMP_SUBS_ADD_TITLE, loaded from every logical record.
Insert option in effect for this table: APPEND
TRAILING NULLCOLS option in effect

   Column Name                  Position   Len  Term Encl Datatype
------------------------------ ---------- ----- ---- ---- ---------------------
SUBSCRIBER_NO                       FIRST     *   ;  O(") CHARACTER            
ADDITIONAL_TITLE                     NEXT     *   ;  O(") CHARACTER            


Table HGU_TMP_SUBS_ADD_TITLE:
  338 Rows successfully loaded.
  0 Rows not loaded due to data errors.
  0 Rows not loaded because all WHEN clauses were failed.
  0 Rows not loaded because all fields were null.


Space allocated for bind array:                  33024 bytes(64 rows)
Read   buffer bytes: 1048576

Total logical records skipped:          0
Total logical records read:           338
Total logical records rejected:         0
Total logical records discarded:        0

Run began on Tue Mar 21 13:51:18 2017
Run ended on Tue Mar 21 13:51:19 2017

Elapsed time was:     00:00:00.26
CPU time was:         00:00:00.06
