
SQL*Loader: Release 19.0.0.0.0 - Production on Fri Apr 23 15:27:29 2021
Version 19.3.0.0.0

Copyright (c) 1982, 2019, Oracle and/or its affiliates.  All rights reserved.

Control File:   hgu_tmp_bans_params.ctl
Character Set UTF8 specified for all input.

Data File:      BANMissParty.csv
  Bad File:     BANMissParty.bad
  Discard File:  none specified
 
 (Allow all discards)

Number to load: ALL
Number to skip: 0
Errors allowed: 50
Bind array:     250 rows, maximum of 1048576 bytes
Continuation:    none specified
Path used:      Conventional

Table HGU_TMP_BANS_PARAMS, loaded from every logical record.
Insert option in effect for this table: APPEND
TRAILING NULLCOLS option in effect

   Column Name                  Position   Len  Term Encl Datatype
------------------------------ ---------- ----- ---- ---- ---------------------
BAN                                 FIRST     *   ;  O(") CHARACTER            
PARAM1                               NEXT     *   ;  O(") CHARACTER            
PARAM2                               NEXT     *   ;  O(") CHARACTER            
PARAM3                               NEXT     *   ;  O(") CHARACTER            
PARAM4                               NEXT     *   ;  O(") CHARACTER            
PARAM5                               NEXT     *   ;  O(") CHARACTER            
PARAM6                               NEXT     *   ;  O(") CHARACTER            
PARAM7                               NEXT     *   ;  O(") CHARACTER            
PARAM8                               NEXT     *   ;  O(") CHARACTER            
PARAM9                               NEXT     *   ;  O(") CHARACTER            


Table HGU_TMP_BANS_PARAMS:
  137214 Rows successfully loaded.
  0 Rows not loaded due to data errors.
  0 Rows not loaded because all WHEN clauses were failed.
  0 Rows not loaded because all fields were null.


Space allocated for bind array:                 645000 bytes(250 rows)
Read   buffer bytes: 1048576

Total logical records skipped:          0
Total logical records read:        137214
Total logical records rejected:         0
Total logical records discarded:        0

Run began on Fri Apr 23 15:27:29 2021
Run ended on Fri Apr 23 15:27:56 2021

Elapsed time was:     00:00:26.65
CPU time was:         00:00:00.99
