
SQL*Loader: Release 19.0.0.0.0 - Production on Tue Sep 6 11:43:44 2022
Version 19.3.0.0.0

Copyright (c) 1982, 2019, Oracle and/or its affiliates.  All rights reserved.

Control File:   hgu_tmp_subs.ctl
Character Set UTF8 specified for all input.

Data File:      2022-09-06.Natalia.Grukhina.txt
  Bad File:     2022-09-06.Natalia.Grukhina.bad
  Discard File:  none specified
 
 (Allow all discards)

Number to load: ALL
Number to skip: 0
Errors allowed: 50
Bind array:     250 rows, maximum of 1048576 bytes
Continuation:    none specified
Path used:      Conventional

Table HGU_TMP_SUBS, loaded from every logical record.
Insert option in effect for this table: APPEND
TRAILING NULLCOLS option in effect

   Column Name                  Position   Len  Term Encl Datatype
------------------------------ ---------- ----- ---- ---- ---------------------
SUBSCRIBER_NO                       FIRST     *   ;  O(") CHARACTER            
SOC                                  NEXT     *   ;  O(") CHARACTER            
PARAM1                               NEXT     *   ;  O(") CHARACTER            
PARAM2                               NEXT     *   ;  O(") CHARACTER            
PARAM3                               NEXT     *   ;  O(") CHARACTER            
PARAM4                               NEXT     *   ;  O(") CHARACTER            
PARAM5                               NEXT     *   ;  O(") CHARACTER            
PARAM6                               NEXT     *   ;  O(") CHARACTER            
PARAM7                               NEXT     *   ;  O(") CHARACTER            
PARAM8                               NEXT     *   ;  O(") CHARACTER            
PARAM9                               NEXT     *   ;  O(") CHARACTER            


Table HGU_TMP_SUBS:
  293 Rows successfully loaded.
  0 Rows not loaded due to data errors.
  0 Rows not loaded because all WHEN clauses were failed.
  0 Rows not loaded because all fields were null.


Space allocated for bind array:                 709500 bytes(250 rows)
Read   buffer bytes: 1048576

Total logical records skipped:          0
Total logical records read:           293
Total logical records rejected:         0
Total logical records discarded:        0

Run began on Tue Sep 06 11:43:44 2022
Run ended on Tue Sep 06 11:43:45 2022

Elapsed time was:     00:00:00.44
CPU time was:         00:00:00.02
