
SQL*Loader: Release 11.2.0.1.0 - Production on Thu May 31 15:31:27 2018

Copyright (c) 1982, 2009, Oracle and/or its affiliates.  All rights reserved.

Control File:   hgu_tmp_sims.ctl
Data File:      C:\Projects\svn\ninja-sql\hgu\sqlldr\ninjateam.hgu_tmp_sims\sim2load.txt
  Bad File:     sim2load.bad
  Discard File:  none specified
 
 (Allow all discards)

Number to load: ALL
Number to skip: 0
Errors allowed: 50
Bind array:     64 rows, maximum of 256000 bytes
Continuation:    none specified
Path used:      Conventional

Table HGU_TMP_SIMS, loaded from every logical record.
Insert option in effect for this table: APPEND
TRAILING NULLCOLS option in effect

   Column Name                  Position   Len  Term Encl Datatype
------------------------------ ---------- ----- ---- ---- ---------------------
SIM_NUMBER                          FIRST     *   ;  O(") CHARACTER            


Table HGU_TMP_SIMS:
  173 Rows successfully loaded.
  0 Rows not loaded due to data errors.
  0 Rows not loaded because all WHEN clauses were failed.
  0 Rows not loaded because all fields were null.


Space allocated for bind array:                  16512 bytes(64 rows)
Read   buffer bytes: 1048576

Total logical records skipped:          0
Total logical records read:           173
Total logical records rejected:         0
Total logical records discarded:        0

Run began on Thu May 31 15:31:27 2018
Run ended on Thu May 31 15:31:28 2018

Elapsed time was:     00:00:00.25
CPU time was:         00:00:00.07
