
SQL*Loader: Release 11.2.0.1.0 - Production on Thu Oct 11 10:45:30 2018

Copyright (c) 1982, 2009, Oracle and/or its affiliates.  All rights reserved.

Control File:   hgu_tmp_subs.ctl
Data File:      C:\Projects\svn\ninja-sql\hgu\sqlldr\ninjateam.hgu_tmp_subs_bans_status\numbers.txt
  Bad File:     numbers.bad
  Discard File:  none specified
 
 (Allow all discards)

Number to load: ALL
Number to skip: 0
Errors allowed: 50
Bind array:     64 rows, maximum of 256000 bytes
Continuation:    none specified
Path used:      Conventional

Table HGU_TMP_SUBS_BANS_STATUS, loaded from every logical record.
Insert option in effect for this table: APPEND
TRAILING NULLCOLS option in effect

   Column Name                  Position   Len  Term Encl Datatype
------------------------------ ---------- ----- ---- ---- ---------------------
BAN                                 FIRST     *   ;  O(") CHARACTER            
ACC_TYPE                             NEXT     *   ;  O(") CHARACTER            
ACC_SUB_TYPE                         NEXT     *   ;  O(") CHARACTER            
SUBSCRIBER_NO                        NEXT     *   ;  O(") CHARACTER            
SUB_STATUS                           NEXT     *   ;  O(") CHARACTER            
DEALER_CODE                          NEXT     *   ;  O(") CHARACTER            


Table HGU_TMP_SUBS_BANS_STATUS:
  1569 Rows successfully loaded.
  0 Rows not loaded due to data errors.
  0 Rows not loaded because all WHEN clauses were failed.
  0 Rows not loaded because all fields were null.


Space allocated for bind array:                  99072 bytes(64 rows)
Read   buffer bytes: 1048576

Total logical records skipped:          0
Total logical records read:          1569
Total logical records rejected:         0
Total logical records discarded:        0

Run began on Thu Oct 11 10:45:30 2018
Run ended on Thu Oct 11 10:45:31 2018

Elapsed time was:     00:00:00.25
CPU time was:         00:00:00.00
