
SQL*Loader: Release 19.0.0.0.0 - Production on Thu Apr 15 12:24:41 2021
Version 19.3.0.0.0

Copyright (c) 1982, 2019, Oracle and/or its affiliates.  All rights reserved.

Control File:   hgu_runloader.ctl
Character Set UTF8 specified for all input.

Data File:      sql-input.without.cust.tel.no.txt
  Bad File:     hgu_runloader.bad
  Discard File:  none specified
 
 (Allow all discards)

Number to load: ALL
Number to skip: 0
Errors allowed: 50
Bind array:     250 rows, maximum of 1048576 bytes
Continuation:    none specified
Path used:      Conventional

Table NINJATEAM.HGU_TMP_BAN_SUB_ETC, loaded from every logical record.
Insert option in effect for this table: APPEND
TRAILING NULLCOLS option in effect

   Column Name                  Position   Len  Term Encl Datatype
------------------------------ ---------- ----- ---- ---- ---------------------
BAN                                 FIRST     *   ;  O(") CHARACTER            
SUBSCRIBER_NO                        NEXT     *   ;  O(") CHARACTER            
LINK_TYPE                            NEXT     *   ;  O(") CHARACTER            
CUSTOMER_TELNO                       NEXT     *   ;  O(") CHARACTER            
PROCESS_STATUS                       NEXT     *   ;  O(") CHARACTER            


Table NINJATEAM.HGU_TMP_BAN_SUB_ETC:
  315329 Rows successfully loaded.
  0 Rows not loaded due to data errors.
  0 Rows not loaded because all WHEN clauses were failed.
  0 Rows not loaded because all fields were null.


Space allocated for bind array:                 322500 bytes(250 rows)
Read   buffer bytes: 1048576

Total logical records skipped:          0
Total logical records read:        315329
Total logical records rejected:         0
Total logical records discarded:        0

Run began on Thu Apr 15 12:24:41 2021
Run ended on Thu Apr 15 12:25:38 2021

Elapsed time was:     00:00:56.47
CPU time was:         00:00:01.18
