
SQL*Loader: Release 19.0.0.0.0 - Production on Wed Sep 8 16:02:53 2021
Version 19.3.0.0.0

Copyright (c) 1982, 2019, Oracle and/or its affiliates.  All rights reserved.

Control File:   hgu_tmp_req_count_timestamp.ctl
Data File:      tuxcalls.all.csv
  Bad File:     hgu_tmp_req_count.bad
  Discard File: hgu_tmp_req_count.dsc 
 (Allow all discards)

Number to load: ALL
Number to skip: 0
Errors allowed: 256000
Bind array:     250 rows, maximum of 1048576 bytes
Continuation:    none specified
Path used:      Conventional

Table NINJATEAM.HGU_TMP_REQ_COUNT, loaded from every logical record.
Insert option in effect for this table: APPEND
TRAILING NULLCOLS option in effect

   Column Name                  Position   Len  Term Encl Datatype
------------------------------ ---------- ----- ---- ---- ---------------------
REQ_NAME                            FIRST     *   ;  O(") CHARACTER            
REQ_DATE                             NEXT     *   ;  O(") DATE YYYY-MM-DD HH24:MI
REQ_COUNT                            NEXT     *   ;  O(") CHARACTER            


Table NINJATEAM.HGU_TMP_REQ_COUNT:
  850619 Rows successfully loaded.
  0 Rows not loaded due to data errors.
  0 Rows not loaded because all WHEN clauses were failed.
  0 Rows not loaded because all fields were null.


Space allocated for bind array:                 193500 bytes(250 rows)
Read   buffer bytes: 1048576

Total logical records skipped:          0
Total logical records read:        850619
Total logical records rejected:         0
Total logical records discarded:        0

Run began on Wed Sep 08 16:02:53 2021
Run ended on Wed Sep 08 16:04:57 2021

Elapsed time was:     00:02:03.42
CPU time was:         00:00:02.79
