
SQL*Loader: Release 11.2.0.1.0 - Production on Wed May 9 11:22:54 2018

Copyright (c) 1982, 2009, Oracle and/or its affiliates.  All rights reserved.

Control File:   hgu_change_msisdn.ctl
Data File:      C:\Projects\svn\ninja-sql\hgu\sqlldr\ninjateam.hgu_change_msisdn\trond.lundby.2018-05-09.1122.txt
  Bad File:     trond.lundby.2018-05-09.1122.bad
  Discard File:  none specified
 
 (Allow all discards)

Number to load: ALL
Number to skip: 0
Errors allowed: 50
Bind array:     64 rows, maximum of 256000 bytes
Continuation:    none specified
Path used:      Conventional

Table HGU_CHANGE_MSISDN, loaded from every logical record.
Insert option in effect for this table: APPEND
TRAILING NULLCOLS option in effect

   Column Name                  Position   Len  Term Encl Datatype
------------------------------ ---------- ----- ---- ---- ---------------------
SUBSCRIBER_NO                       FIRST     *   ;  O(") CHARACTER            
DEALER_CODE                          NEXT     *   ;  O(") CHARACTER            
NUM_LOC                              NEXT     *   ;  O(") CHARACTER            
NUM_GROUP                            NEXT     *   ;  O(") CHARACTER            
NUM_LENGTH                           NEXT     *   ;  O(") CHARACTER            
PHYSICAL_HLR                         NEXT     *   ;  O(") CHARACTER            
CTN                                  NEXT     *   ;  O(") CHARACTER            


Table HGU_CHANGE_MSISDN:
  14 Rows successfully loaded.
  0 Rows not loaded due to data errors.
  0 Rows not loaded because all WHEN clauses were failed.
  0 Rows not loaded because all fields were null.


Space allocated for bind array:                 115584 bytes(64 rows)
Read   buffer bytes: 1048576

Total logical records skipped:          0
Total logical records read:            14
Total logical records rejected:         0
Total logical records discarded:        0

Run began on Wed May 09 11:22:54 2018
Run ended on Wed May 09 11:22:54 2018

Elapsed time was:     00:00:00.12
CPU time was:         00:00:00.05
