
SQL*Loader: Release 11.2.0.1.0 - Production on Wed May 11 10:20:21 2016

Copyright (c) 1982, 2009, Oracle and/or its affiliates.  All rights reserved.

Control File:   hgu_tmp_bans.ctl
Data File:      C:\Projects\svn\ninja-sql\hgu\sqlldr\ninjateam.hgu_tmp_bans\Jan.Holtet.2016-05-11.Batch.1.txt
  Bad File:     Jan.Holtet.2016-05-11.Batch.1.bad
  Discard File:  none specified
 
 (Allow all discards)

Number to load: ALL
Number to skip: 0
Errors allowed: 50
Bind array:     64 rows, maximum of 256000 bytes
Continuation:    none specified
Path used:      Conventional

Table HGU_TMP_BANS, loaded from every logical record.
Insert option in effect for this table: APPEND
TRAILING NULLCOLS option in effect

   Column Name                  Position   Len  Term Encl Datatype
------------------------------ ---------- ----- ---- ---- ---------------------
BAN                                 FIRST     *   ;  O(") CHARACTER            


Table HGU_TMP_BANS:
  95128 Rows successfully loaded.
  0 Rows not loaded due to data errors.
  0 Rows not loaded because all WHEN clauses were failed.
  0 Rows not loaded because all fields were null.


Space allocated for bind array:                  16512 bytes(64 rows)
Read   buffer bytes: 1048576

Total logical records skipped:          0
Total logical records read:         95128
Total logical records rejected:         0
Total logical records discarded:        0

Run began on Wed May 11 10:20:21 2016
Run ended on Wed May 11 10:21:11 2016

Elapsed time was:     00:00:49.71
CPU time was:         00:00:00.76
