
SQL*Loader: Release 19.0.0.0.0 - Production on Wed Aug 25 15:46:35 2021
Version 19.3.0.0.0

Copyright (c) 1982, 2019, Oracle and/or its affiliates.  All rights reserved.

Control File:   hgu_tmp_subs.ctl
Character Set UTF8 specified for all input.

Data File:      2021-08-25.Accidental.Onboarding.1.row.per.role.dsv
  Bad File:     2021-08-25.Accidental.Onboarding.1.row.per.role.bad
  Discard File:  none specified
 
 (Allow all discards)

Number to load: ALL
Number to skip: 0
Errors allowed: 50
Bind array:     250 rows, maximum of 1048576 bytes
Continuation:    none specified
Path used:      Conventional

Table HGU_TMP_BAN_SUB_ETC_ETC, loaded from every logical record.
Insert option in effect for this table: APPEND
TRAILING NULLCOLS option in effect

   Column Name                  Position   Len  Term Encl Datatype
------------------------------ ---------- ----- ---- ---- ---------------------
BAN                                 FIRST     *   ;  O(") CHARACTER            
ACCOUNT_TYPE                         NEXT     *   ;  O(") CHARACTER            
ACCOUNT_SUB_TYPE                     NEXT     *   ;  O(") CHARACTER            
SUBSCRIBER_NO                        NEXT     *   ;  O(") CHARACTER            
ROLE                                 NEXT     *   ;  O(") CHARACTER            
ROLES                                NEXT     *   ;  O(") CHARACTER            
STATUS                               NEXT     *   ;  O(") CHARACTER            
TPID                                 NEXT     *   ;  O(") CHARACTER            
PID                                  NEXT     *   ;  O(") CHARACTER            

Record 1: Rejected - Error on table HGU_TMP_BAN_SUB_ETC_ETC, column BAN.
ORA-01722: invalid number


Table HGU_TMP_BAN_SUB_ETC_ETC:
  112656 Rows successfully loaded.
  1 Row not loaded due to data errors.
  0 Rows not loaded because all WHEN clauses were failed.
  0 Rows not loaded because all fields were null.


Space allocated for bind array:                 580500 bytes(250 rows)
Read   buffer bytes: 1048576

Total logical records skipped:          0
Total logical records read:        112657
Total logical records rejected:         1
Total logical records discarded:        0

Run began on Wed Aug 25 15:46:35 2021
Run ended on Wed Aug 25 15:47:13 2021

Elapsed time was:     00:00:37.33
CPU time was:         00:00:01.15
